2026-01-02 11:52:17.675 +05:30 [INF] User profile is available. Using 'C:\Users\Sinchana .A.N\AppData\Local\ASP.NET\DataProtection-Keys' as key repository and Windows DPAPI to encrypt keys at rest.
2026-01-02 11:52:18.709 +05:30 [INF] Now listening on: https://localhost:7202
2026-01-02 11:52:18.741 +05:30 [INF] Now listening on: http://localhost:5166
2026-01-02 11:52:19.609 +05:30 [INF] Application started. Press Ctrl+C to shut down.
2026-01-02 11:52:20.004 +05:30 [INF] Hosting environment: Development
2026-01-02 11:52:20.542 +05:30 [INF] Content root path: C:\Users\Sinchana .A.N\source\repos\FunDooAPP
2026-01-02 11:52:20.854 +05:30 [INF] Request starting HTTP/2 GET https://localhost:7202/swagger/index.html - null null
2026-01-02 11:52:21.284 +05:30 [INF] Request finished HTTP/2 GET https://localhost:7202/swagger/index.html - 200 null text/html;charset=utf-8 430.11ms
2026-01-02 11:52:21.418 +05:30 [INF] Request starting HTTP/2 GET https://localhost:7202/_framework/aspnetcore-browser-refresh.js - null null
2026-01-02 11:52:21.419 +05:30 [INF] Request starting HTTP/2 GET https://localhost:7202/_vs/browserLink - null null
2026-01-02 11:52:21.450 +05:30 [INF] Request finished HTTP/2 GET https://localhost:7202/_framework/aspnetcore-browser-refresh.js - 200 16503 application/javascript; charset=utf-8 32.0887ms
2026-01-02 11:52:21.576 +05:30 [INF] Request finished HTTP/2 GET https://localhost:7202/_vs/browserLink - 200 null text/javascript; charset=UTF-8 157.4226ms
2026-01-02 11:52:21.659 +05:30 [INF] Request starting HTTP/2 GET https://localhost:7202/swagger/v1/swagger.json - null null
2026-01-02 11:52:21.744 +05:30 [INF] Request finished HTTP/2 GET https://localhost:7202/swagger/v1/swagger.json - 200 null application/json;charset=utf-8 84.1093ms
2026-01-02 11:53:33.687 +05:30 [INF] Request starting HTTP/2 GET https://localhost:7202/api/User - null null
2026-01-02 11:53:33.706 +05:30 [INF] Executing endpoint 'FunDooAPP.Controllers.UserController.GetAllUsers (FunDooAPP)'
2026-01-02 11:53:33.732 +05:30 [INF] Route matched with {action = "GetAllUsers", controller = "User"}. Executing controller action with signature Microsoft.AspNetCore.Mvc.IActionResult GetAllUsers() on controller FunDooAPP.Controllers.UserController (FunDooAPP).
2026-01-02 11:53:34.996 +05:30 [INF] Executed DbCommand (25ms) [Parameters=[], CommandType='"Text"', CommandTimeout='30']
SELECT [u].[UserId], [u].[CreatedAt], [u].[Email], [u].[FirstName], [u].[LastName], [u].[Password], [u].[ResetToken], [u].[ResetTokenExpiry], [u].[UpdatedAt]
FROM [users] AS [u]
2026-01-02 11:53:35.090 +05:30 [INF] Executing OkObjectResult, writing value of type 'System.Collections.Generic.List`1[[ModelLayer.Entity.User, ModelLayer, Version=1.0.0.0, Culture=neutral, PublicKeyToken=null]]'.
2026-01-02 11:53:35.117 +05:30 [INF] Executed action FunDooAPP.Controllers.UserController.GetAllUsers (FunDooAPP) in 1376.4142ms
2026-01-02 11:53:35.119 +05:30 [INF] Executed endpoint 'FunDooAPP.Controllers.UserController.GetAllUsers (FunDooAPP)'
2026-01-02 11:53:35.128 +05:30 [INF] Request finished HTTP/2 GET https://localhost:7202/api/User - 200 null application/json; charset=utf-8 1441.3069ms
2026-01-02 11:53:55.593 +05:30 [INF] Request starting HTTP/2 POST https://localhost:7202/api/User - application/json 106
2026-01-02 11:53:55.624 +05:30 [INF] Executing endpoint 'FunDooAPP.Controllers.UserController.AddUser (FunDooAPP)'
2026-01-02 11:53:55.636 +05:30 [INF] Route matched with {action = "AddUser", controller = "User"}. Executing controller action with signature Microsoft.AspNetCore.Mvc.IActionResult AddUser(ModelLayer.DTOs.UserRequestDTO) on controller FunDooAPP.Controllers.UserController (FunDooAPP).
2026-01-02 11:53:55.857 +05:30 [INF] Executed DbCommand (29ms) [Parameters=[@p0='?' (DbType = DateTime2), @p1='?' (Size = 255), @p2='?' (Size = 100), @p3='?' (Size = 100), @p4='?' (Size = 4000), @p5='?' (Size = 4000), @p6='?' (DbType = DateTime2), @p7='?' (DbType = DateTime2)], CommandType='"Text"', CommandTimeout='30']
SET IMPLICIT_TRANSACTIONS OFF;
SET NOCOUNT ON;
INSERT INTO [users] ([CreatedAt], [Email], [FirstName], [LastName], [Password], [ResetToken], [ResetTokenExpiry], [UpdatedAt])
OUTPUT INSERTED.[UserId]
VALUES (@p0, @p1, @p2, @p3, @p4, @p5, @p6, @p7);
2026-01-02 11:53:55.878 +05:30 [INF] Executing OkObjectResult, writing value of type 'ModelLayer.Entity.User'.
2026-01-02 11:53:55.880 +05:30 [INF] Executed action FunDooAPP.Controllers.UserController.AddUser (FunDooAPP) in 242.5292ms
2026-01-02 11:53:55.885 +05:30 [INF] Executed endpoint 'FunDooAPP.Controllers.UserController.AddUser (FunDooAPP)'
2026-01-02 11:53:55.886 +05:30 [INF] Request finished HTTP/2 POST https://localhost:7202/api/User - 200 null application/json; charset=utf-8 293.1694ms
2026-01-02 11:54:12.434 +05:30 [INF] Request starting HTTP/2 GET https://localhost:7202/api/User/1 - null null
2026-01-02 11:54:12.457 +05:30 [INF] Executing endpoint 'FunDooAPP.Controllers.UserController.GetUsersById (FunDooAPP)'
2026-01-02 11:54:12.466 +05:30 [INF] Route matched with {action = "GetUsersById", controller = "User"}. Executing controller action with signature Microsoft.AspNetCore.Mvc.IActionResult GetUsersById(Int32) on controller FunDooAPP.Controllers.UserController (FunDooAPP).
2026-01-02 11:54:12.672 +05:30 [INF] Executed DbCommand (18ms) [Parameters=[@__p_0='?' (DbType = Int32)], CommandType='"Text"', CommandTimeout='30']
SELECT TOP(1) [u].[UserId], [u].[CreatedAt], [u].[Email], [u].[FirstName], [u].[LastName], [u].[Password], [u].[ResetToken], [u].[ResetTokenExpiry], [u].[UpdatedAt]
FROM [users] AS [u]
WHERE [u].[UserId] = @__p_0
2026-01-02 11:54:12.681 +05:30 [INF] Executing OkObjectResult, writing value of type 'ModelLayer.Entity.User'.
2026-01-02 11:54:12.685 +05:30 [INF] Executed action FunDooAPP.Controllers.UserController.GetUsersById (FunDooAPP) in 216.2603ms
2026-01-02 11:54:12.686 +05:30 [INF] Executed endpoint 'FunDooAPP.Controllers.UserController.GetUsersById (FunDooAPP)'
2026-01-02 11:54:12.689 +05:30 [INF] Request finished HTTP/2 GET https://localhost:7202/api/User/1 - 200 null application/json; charset=utf-8 254.9713ms
2026-01-02 11:54:35.359 +05:30 [INF] Request starting HTTP/2 PUT https://localhost:7202/api/User/3 - application/json 106
2026-01-02 11:54:35.364 +05:30 [INF] Executing endpoint 'FunDooAPP.Controllers.UserController.UpdateUserById (FunDooAPP)'
2026-01-02 11:54:35.366 +05:30 [INF] Route matched with {action = "UpdateUserById", controller = "User"}. Executing controller action with signature Microsoft.AspNetCore.Mvc.IActionResult UpdateUserById(Int32, ModelLayer.DTOs.UpdateUserRequestDTO) on controller FunDooAPP.Controllers.UserController (FunDooAPP).
2026-01-02 11:54:35.386 +05:30 [INF] Executed DbCommand (4ms) [Parameters=[@__p_0='?' (DbType = Int32)], CommandType='"Text"', CommandTimeout='30']
SELECT TOP(1) [u].[UserId], [u].[CreatedAt], [u].[Email], [u].[FirstName], [u].[LastName], [u].[Password], [u].[ResetToken], [u].[ResetTokenExpiry], [u].[UpdatedAt]
FROM [users] AS [u]
WHERE [u].[UserId] = @__p_0
2026-01-02 11:54:35.404 +05:30 [INF] Executed DbCommand (8ms) [Parameters=[@p1='?' (DbType = Int32), @p0='?' (Size = 100)], CommandType='"Text"', CommandTimeout='30']
SET IMPLICIT_TRANSACTIONS OFF;
SET NOCOUNT ON;
UPDATE [users] SET [FirstName] = @p0
OUTPUT 1
WHERE [UserId] = @p1;
2026-01-02 11:54:35.407 +05:30 [INF] Executing OkObjectResult, writing value of type 'ModelLayer.Entity.User'.
2026-01-02 11:54:35.408 +05:30 [INF] Executed action FunDooAPP.Controllers.UserController.UpdateUserById (FunDooAPP) in 38.731ms
2026-01-02 11:54:35.412 +05:30 [INF] Executed endpoint 'FunDooAPP.Controllers.UserController.UpdateUserById (FunDooAPP)'
2026-01-02 11:54:35.413 +05:30 [INF] Request finished HTTP/2 PUT https://localhost:7202/api/User/3 - 200 null application/json; charset=utf-8 54.2694ms
2026-01-02 11:54:46.347 +05:30 [INF] Request starting HTTP/2 DELETE https://localhost:7202/api/User/3 - null null
2026-01-02 11:54:46.377 +05:30 [INF] Executing endpoint 'FunDooAPP.Controllers.UserController.DeleteEmployeeById (FunDooAPP)'
2026-01-02 11:54:46.379 +05:30 [INF] Route matched with {action = "DeleteEmployeeById", controller = "User"}. Executing controller action with signature Microsoft.AspNetCore.Mvc.IActionResult DeleteEmployeeById(Int32) on controller FunDooAPP.Controllers.UserController (FunDooAPP).
2026-01-02 11:54:46.388 +05:30 [INF] Executed DbCommand (1ms) [Parameters=[@__p_0='?' (DbType = Int32)], CommandType='"Text"', CommandTimeout='30']
SELECT TOP(1) [u].[UserId], [u].[CreatedAt], [u].[Email], [u].[FirstName], [u].[LastName], [u].[Password], [u].[ResetToken], [u].[ResetTokenExpiry], [u].[UpdatedAt]
FROM [users] AS [u]
WHERE [u].[UserId] = @__p_0
2026-01-02 11:54:46.420 +05:30 [INF] Executed DbCommand (19ms) [Parameters=[@p0='?' (DbType = Int32)], CommandType='"Text"', CommandTimeout='30']
SET IMPLICIT_TRANSACTIONS OFF;
SET NOCOUNT ON;
DELETE FROM [users]
OUTPUT 1
WHERE [UserId] = @p0;
2026-01-02 11:54:46.426 +05:30 [INF] Executing OkObjectResult, writing value of type 'ModelLayer.Entity.User'.
2026-01-02 11:54:46.429 +05:30 [INF] Executed action FunDooAPP.Controllers.UserController.DeleteEmployeeById (FunDooAPP) in 44.9866ms
2026-01-02 11:54:46.435 +05:30 [INF] Executed endpoint 'FunDooAPP.Controllers.UserController.DeleteEmployeeById (FunDooAPP)'
2026-01-02 11:54:46.437 +05:30 [INF] Request finished HTTP/2 DELETE https://localhost:7202/api/User/3 - 200 null application/json; charset=utf-8 89.2461ms
2026-01-02 11:57:38.055 +05:30 [INF] Request starting HTTP/2 POST https://localhost:7202/api/User/register - application/json 128
2026-01-02 11:57:38.060 +05:30 [INF] Executing endpoint 'FunDooAPP.Controllers.UserController.Register (FunDooAPP)'
2026-01-02 11:57:38.064 +05:30 [INF] Route matched with {action = "Register", controller = "User"}. Executing controller action with signature Microsoft.AspNetCore.Mvc.IActionResult Register(ModelLayer.DTOs.RegisterUserDto) on controller FunDooAPP.Controllers.UserController (FunDooAPP).
2026-01-02 11:57:38.073 +05:30 [INF] Register request received for Email: sinchanasiddegowdasinchana@gmail.com
2026-01-02 11:57:38.289 +05:30 [INF] Registering user with Email: sinchanasiddegowdasinchana@gmail.com
2026-01-02 11:57:38.303 +05:30 [INF] Executed DbCommand (5ms) [Parameters=[@__email_0='?' (Size = 255)], CommandType='"Text"', CommandTimeout='30']
SELECT TOP(1) [u].[UserId], [u].[CreatedAt], [u].[Email], [u].[FirstName], [u].[LastName], [u].[Password], [u].[ResetToken], [u].[ResetTokenExpiry], [u].[UpdatedAt]
FROM [users] AS [u]
WHERE [u].[Email] = @__email_0
2026-01-02 11:57:38.305 +05:30 [INF] User registration successful for Email: sinchanasiddegowdasinchana@gmail.com
2026-01-02 11:57:38.659 +05:30 [INF] Adding user to database: sinchanasiddegowdasinchana@gmail.com
2026-01-02 11:57:38.668 +05:30 [INF] Executed DbCommand (6ms) [Parameters=[@p0='?' (DbType = DateTime2), @p1='?' (Size = 255), @p2='?' (Size = 100), @p3='?' (Size = 100), @p4='?' (Size = 4000), @p5='?' (Size = 4000), @p6='?' (DbType = DateTime2), @p7='?' (DbType = DateTime2)], CommandType='"Text"', CommandTimeout='30']
SET IMPLICIT_TRANSACTIONS OFF;
SET NOCOUNT ON;
INSERT INTO [users] ([CreatedAt], [Email], [FirstName], [LastName], [Password], [ResetToken], [ResetTokenExpiry], [UpdatedAt])
OUTPUT INSERTED.[UserId]
VALUES (@p0, @p1, @p2, @p3, @p4, @p5, @p6, @p7);
2026-01-02 11:57:38.670 +05:30 [INF] User saved successfully with UserId: 4
2026-01-02 11:57:38.671 +05:30 [INF] User registered successfully with UserId: 4
2026-01-02 11:57:38.672 +05:30 [INF] Executing OkObjectResult, writing value of type 'ModelLayer.DTOs.RegisterResponseDto'.
2026-01-02 11:57:38.676 +05:30 [INF] Executed action FunDooAPP.Controllers.UserController.Register (FunDooAPP) in 607.1264ms
2026-01-02 11:57:38.678 +05:30 [INF] Executed endpoint 'FunDooAPP.Controllers.UserController.Register (FunDooAPP)'
2026-01-02 11:57:38.679 +05:30 [INF] Request finished HTTP/2 POST https://localhost:7202/api/User/register - 200 null application/json; charset=utf-8 623.9313ms
2026-01-02 11:59:12.171 +05:30 [INF] Request starting HTTP/2 POST https://localhost:7202/api/User/login - application/json 80
2026-01-02 11:59:12.176 +05:30 [INF] Executing endpoint 'FunDooAPP.Controllers.UserController.Login (FunDooAPP)'
2026-01-02 11:59:12.181 +05:30 [INF] Route matched with {action = "Login", controller = "User"}. Executing controller action with signature Microsoft.AspNetCore.Mvc.IActionResult Login(ModelLayer.DTOs.LoginUserDto) on controller FunDooAPP.Controllers.UserController (FunDooAPP).
2026-01-02 11:59:12.190 +05:30 [INF] Login attempt for Email: sinchanasiddegowdasinchana@gmail.com
2026-01-02 11:59:12.192 +05:30 [INF] Login validation started for Email: sinchanasiddegowdasinchana@gmail.com
2026-01-02 11:59:12.199 +05:30 [INF] Executed DbCommand (3ms) [Parameters=[@__email_0='?' (Size = 255)], CommandType='"Text"', CommandTimeout='30']
SELECT TOP(1) [u].[UserId], [u].[CreatedAt], [u].[Email], [u].[FirstName], [u].[LastName], [u].[Password], [u].[ResetToken], [u].[ResetTokenExpiry], [u].[UpdatedAt]
FROM [users] AS [u]
WHERE [u].[Email] = @__email_0
2026-01-02 11:59:12.203 +05:30 [INF] Login successful for UserId: 4
2026-01-02 11:59:12.436 +05:30 [INF] Login successful for UserId: 4
2026-01-02 11:59:12.437 +05:30 [INF] Executing OkObjectResult, writing value of type 'ModelLayer.DTOs.LoginResponseDto'.
2026-01-02 11:59:12.441 +05:30 [INF] Executed action FunDooAPP.Controllers.UserController.Login (FunDooAPP) in 256.6139ms
2026-01-02 11:59:12.443 +05:30 [INF] Executed endpoint 'FunDooAPP.Controllers.UserController.Login (FunDooAPP)'
2026-01-02 11:59:12.447 +05:30 [INF] Request finished HTTP/2 POST https://localhost:7202/api/User/login - 200 null application/json; charset=utf-8 275.4619ms
2026-01-02 11:59:45.269 +05:30 [INF] Request starting HTTP/2 GET https://localhost:7202/api/Labels - null null
2026-01-02 11:59:45.332 +05:30 [INF] Executing endpoint 'FunDooAPP.Controllers.LabelsController.GetAll (FunDooAPP)'
2026-01-02 11:59:45.337 +05:30 [INF] Route matched with {action = "GetAll", controller = "Labels"}. Executing controller action with signature Microsoft.AspNetCore.Mvc.IActionResult GetAll() on controller FunDooAPP.Controllers.LabelsController (FunDooAPP).
2026-01-02 11:59:45.356 +05:30 [INF] Executed DbCommand (4ms) [Parameters=[@__userId_0='?' (DbType = Int32)], CommandType='"Text"', CommandTimeout='30']
SELECT [l].[LabelId], [l].[CreateAT], [l].[LabelName], [l].[UpdateAT], [l].[UserId]
FROM [labels] AS [l]
WHERE [l].[UserId] = @__userId_0
2026-01-02 11:59:45.359 +05:30 [INF] Executing OkObjectResult, writing value of type 'System.Collections.Generic.List`1[[ModelLayer.Entity.Label1, ModelLayer, Version=1.0.0.0, Culture=neutral, PublicKeyToken=null]]'.
2026-01-02 11:59:45.362 +05:30 [INF] Executed action FunDooAPP.Controllers.LabelsController.GetAll (FunDooAPP) in 23.6924ms
2026-01-02 11:59:45.370 +05:30 [INF] Executed endpoint 'FunDooAPP.Controllers.LabelsController.GetAll (FunDooAPP)'
2026-01-02 11:59:45.371 +05:30 [INF] Request finished HTTP/2 GET https://localhost:7202/api/Labels - 200 null application/json; charset=utf-8 102.4724ms
2026-01-02 12:22:59.462 +05:30 [INF] User profile is available. Using 'C:\Users\Sinchana .A.N\AppData\Local\ASP.NET\DataProtection-Keys' as key repository and Windows DPAPI to encrypt keys at rest.
2026-01-02 12:22:59.867 +05:30 [INF] Now listening on: https://localhost:7202
2026-01-02 12:22:59.869 +05:30 [INF] Now listening on: http://localhost:5166
2026-01-02 12:22:59.979 +05:30 [INF] Application started. Press Ctrl+C to shut down.
2026-01-02 12:22:59.982 +05:30 [INF] Hosting environment: Development
2026-01-02 12:22:59.983 +05:30 [INF] Content root path: C:\Users\Sinchana .A.N\source\repos\FunDooAPP
2026-01-02 12:23:00.163 +05:30 [INF] Request starting HTTP/2 GET https://localhost:7202/swagger/index.html - null null
2026-01-02 12:23:00.481 +05:30 [INF] Request finished HTTP/2 GET https://localhost:7202/swagger/index.html - 200 null text/html;charset=utf-8 323.4301ms
2026-01-02 12:23:00.813 +05:30 [INF] Request starting HTTP/2 GET https://localhost:7202/_framework/aspnetcore-browser-refresh.js - null null
2026-01-02 12:23:00.819 +05:30 [INF] Request starting HTTP/2 GET https://localhost:7202/_vs/browserLink - null null
2026-01-02 12:23:00.848 +05:30 [INF] Request finished HTTP/2 GET https://localhost:7202/_framework/aspnetcore-browser-refresh.js - 200 16503 application/javascript; charset=utf-8 34.9873ms
2026-01-02 12:23:00.892 +05:30 [INF] Request finished HTTP/2 GET https://localhost:7202/_vs/browserLink - 200 null text/javascript; charset=UTF-8 74.0547ms
2026-01-02 12:23:01.232 +05:30 [INF] Request starting HTTP/2 GET https://localhost:7202/swagger/v1/swagger.json - null null
2026-01-02 12:23:01.263 +05:30 [INF] Request finished HTTP/2 GET https://localhost:7202/swagger/v1/swagger.json - 200 null application/json;charset=utf-8 30.7509ms
2026-01-02 12:23:08.146 +05:30 [INF] Request starting HTTP/2 GET https://localhost:7202/swagger/index.html - null null
2026-01-02 12:23:08.164 +05:30 [INF] Request finished HTTP/2 GET https://localhost:7202/swagger/index.html - 200 null text/html;charset=utf-8 18.3005ms
2026-01-02 12:23:08.194 +05:30 [INF] Request starting HTTP/2 GET https://localhost:7202/_vs/browserLink - null null
2026-01-02 12:23:08.195 +05:30 [INF] Request starting HTTP/2 GET https://localhost:7202/_framework/aspnetcore-browser-refresh.js - null null
2026-01-02 12:23:08.211 +05:30 [INF] Request finished HTTP/2 GET https://localhost:7202/_framework/aspnetcore-browser-refresh.js - 200 16503 application/javascript; charset=utf-8 16.0179ms
2026-01-02 12:23:08.223 +05:30 [INF] Request finished HTTP/2 GET https://localhost:7202/_vs/browserLink - 200 null text/javascript; charset=UTF-8 28.523ms
2026-01-02 12:23:08.296 +05:30 [INF] Request starting HTTP/2 GET https://localhost:7202/swagger/v1/swagger.json - null null
2026-01-02 12:23:08.331 +05:30 [INF] Request finished HTTP/2 GET https://localhost:7202/swagger/v1/swagger.json - 200 null application/json;charset=utf-8 34.5114ms
2026-01-02 12:24:34.901 +05:30 [INF] Request starting HTTP/2 POST https://localhost:7202/api/User/register - application/json 111
2026-01-02 12:24:34.916 +05:30 [INF] Executing endpoint 'FunDooAPP.Controllers.UserController.Register (FunDooAPP)'
2026-01-02 12:24:34.954 +05:30 [INF] Route matched with {action = "Register", controller = "User"}. Executing controller action with signature Microsoft.AspNetCore.Mvc.IActionResult Register(ModelLayer.DTOs.RegisterUserDto) on controller FunDooAPP.Controllers.UserController (FunDooAPP).
2026-01-02 12:24:35.135 +05:30 [INF] Register request received for Email: prasannagoto@gmail.com
2026-01-02 12:24:35.280 +05:30 [INF] Registering user with Email: prasannagoto@gmail.com
2026-01-02 12:24:36.653 +05:30 [INF] Executed DbCommand (129ms) [Parameters=[@__email_0='?' (Size = 255)], CommandType='"Text"', CommandTimeout='30']
SELECT TOP(1) [u].[UserId], [u].[CreatedAt], [u].[Email], [u].[FirstName], [u].[LastName], [u].[Password], [u].[ResetToken], [u].[ResetTokenExpiry], [u].[UpdatedAt]
FROM [users] AS [u]
WHERE [u].[Email] = @__email_0
2026-01-02 12:24:37.086 +05:30 [INF] Adding user to database: prasannagoto@gmail.com
2026-01-02 12:24:37.305 +05:30 [INF] Executed DbCommand (28ms) [Parameters=[@p0='?' (DbType = DateTime2), @p1='?' (Size = 255), @p2='?' (Size = 100), @p3='?' (Size = 100), @p4='?' (Size = 4000), @p5='?' (Size = 4000), @p6='?' (DbType = DateTime2), @p7='?' (DbType = DateTime2)], CommandType='"Text"', CommandTimeout='30']
SET IMPLICIT_TRANSACTIONS OFF;
SET NOCOUNT ON;
INSERT INTO [users] ([CreatedAt], [Email], [FirstName], [LastName], [Password], [ResetToken], [ResetTokenExpiry], [UpdatedAt])
OUTPUT INSERTED.[UserId]
VALUES (@p0, @p1, @p2, @p3, @p4, @p5, @p6, @p7);
2026-01-02 12:24:37.338 +05:30 [INF] User saved successfully with UserId: 5
2026-01-02 12:24:37.340 +05:30 [INF] User saved to DB. Sending welcome email to prasannagoto@gmail.com
2026-01-02 12:24:40.262 +05:30 [INF] Welcome email sent to prasannagoto@gmail.com
2026-01-02 12:24:40.267 +05:30 [INF] User registered successfully with UserId: 5
2026-01-02 12:24:40.286 +05:30 [INF] Executing OkObjectResult, writing value of type 'ModelLayer.DTOs.RegisterResponseDto'.
2026-01-02 12:24:40.303 +05:30 [INF] Executed action FunDooAPP.Controllers.UserController.Register (FunDooAPP) in 5342.3578ms
2026-01-02 12:24:40.308 +05:30 [INF] Executed endpoint 'FunDooAPP.Controllers.UserController.Register (FunDooAPP)'
2026-01-02 12:24:40.318 +05:30 [INF] Request finished HTTP/2 POST https://localhost:7202/api/User/register - 200 null application/json; charset=utf-8 5416.7773ms
2026-01-02 12:25:36.889 +05:30 [INF] Request starting HTTP/2 DELETE https://localhost:7202/api/User/4 - null null
2026-01-02 12:25:36.896 +05:30 [INF] Executing endpoint 'FunDooAPP.Controllers.UserController.DeleteEmployeeById (FunDooAPP)'
2026-01-02 12:25:36.903 +05:30 [INF] Route matched with {action = "DeleteEmployeeById", controller = "User"}. Executing controller action with signature Microsoft.AspNetCore.Mvc.IActionResult DeleteEmployeeById(Int32) on controller FunDooAPP.Controllers.UserController (FunDooAPP).
2026-01-02 12:25:36.959 +05:30 [INF] Executed DbCommand (5ms) [Parameters=[@__p_0='?' (DbType = Int32)], CommandType='"Text"', CommandTimeout='30']
SELECT TOP(1) [u].[UserId], [u].[CreatedAt], [u].[Email], [u].[FirstName], [u].[LastName], [u].[Password], [u].[ResetToken], [u].[ResetTokenExpiry], [u].[UpdatedAt]
FROM [users] AS [u]
WHERE [u].[UserId] = @__p_0
2026-01-02 12:25:37.026 +05:30 [INF] Executed DbCommand (48ms) [Parameters=[@p0='?' (DbType = Int32)], CommandType='"Text"', CommandTimeout='30']
SET IMPLICIT_TRANSACTIONS OFF;
SET NOCOUNT ON;
DELETE FROM [users]
OUTPUT 1
WHERE [UserId] = @p0;
2026-01-02 12:25:37.032 +05:30 [INF] Executing OkObjectResult, writing value of type 'ModelLayer.Entity.User'.
2026-01-02 12:25:37.048 +05:30 [INF] Executed action FunDooAPP.Controllers.UserController.DeleteEmployeeById (FunDooAPP) in 140.7792ms
2026-01-02 12:25:37.050 +05:30 [INF] Executed endpoint 'FunDooAPP.Controllers.UserController.DeleteEmployeeById (FunDooAPP)'
2026-01-02 12:25:37.053 +05:30 [INF] Request finished HTTP/2 DELETE https://localhost:7202/api/User/4 - 200 null application/json; charset=utf-8 163.7376ms
2026-01-02 12:25:39.022 +05:30 [INF] Request starting HTTP/2 DELETE https://localhost:7202/api/User/4 - null null
2026-01-02 12:25:39.054 +05:30 [INF] Executing endpoint 'FunDooAPP.Controllers.UserController.DeleteEmployeeById (FunDooAPP)'
2026-01-02 12:25:39.058 +05:30 [INF] Route matched with {action = "DeleteEmployeeById", controller = "User"}. Executing controller action with signature Microsoft.AspNetCore.Mvc.IActionResult DeleteEmployeeById(Int32) on controller FunDooAPP.Controllers.UserController (FunDooAPP).
2026-01-02 12:25:39.127 +05:30 [INF] Executed DbCommand (1ms) [Parameters=[@__p_0='?' (DbType = Int32)], CommandType='"Text"', CommandTimeout='30']
SELECT TOP(1) [u].[UserId], [u].[CreatedAt], [u].[Email], [u].[FirstName], [u].[LastName], [u].[Password], [u].[ResetToken], [u].[ResetTokenExpiry], [u].[UpdatedAt]
FROM [users] AS [u]
WHERE [u].[UserId] = @__p_0
2026-01-02 12:25:39.133 +05:30 [INF] Executed action FunDooAPP.Controllers.UserController.DeleteEmployeeById (FunDooAPP) in 73.1266ms
2026-01-02 12:25:39.134 +05:30 [INF] Executed endpoint 'FunDooAPP.Controllers.UserController.DeleteEmployeeById (FunDooAPP)'
2026-01-02 12:25:39.139 +05:30 [ERR] An unhandled exception has occurred while executing the request.
System.ArgumentNullException: Value cannot be null. (Parameter 'entity')
   at Microsoft.EntityFrameworkCore.Utilities.Check.NotNull[T](T value, String parameterName)
   at Microsoft.EntityFrameworkCore.DbContext.Remove[TEntity](TEntity entity)
   at FunDooAPP.Controllers.UserController.DeleteEmployeeById(Int32 id) in C:\Users\Sinchana .A.N\source\repos\FunDooAPP\Controllers\UserController.cs:line 97
   at lambda_method136(Closure, Object, Object[])
   at Microsoft.AspNetCore.Mvc.Infrastructure.ActionMethodExecutor.SyncActionResultExecutor.Execute(ActionContext actionContext, IActionResultTypeMapper mapper, ObjectMethodExecutor executor, Object controller, Object[] arguments)
   at Microsoft.AspNetCore.Mvc.Infrastructure.ControllerActionInvoker.InvokeActionMethodAsync()
   at Microsoft.AspNetCore.Mvc.Infrastructure.ControllerActionInvoker.Next(State& next, Scope& scope, Object& state, Boolean& isCompleted)
   at Microsoft.AspNetCore.Mvc.Infrastructure.ControllerActionInvoker.InvokeNextActionFilterAsync()
--- End of stack trace from previous location ---
   at Microsoft.AspNetCore.Mvc.Infrastructure.ControllerActionInvoker.Rethrow(ActionExecutedContextSealed context)
   at Microsoft.AspNetCore.Mvc.Infrastructure.ControllerActionInvoker.Next(State& next, Scope& scope, Object& state, Boolean& isCompleted)
   at Microsoft.AspNetCore.Mvc.Infrastructure.ControllerActionInvoker.InvokeInnerFilterAsync()
--- End of stack trace from previous location ---
   at Microsoft.AspNetCore.Mvc.Infrastructure.ResourceInvoker.<InvokeFilterPipelineAsync>g__Awaited|20_0(ResourceInvoker invoker, Task lastTask, State next, Scope scope, Object state, Boolean isCompleted)
   at Microsoft.AspNetCore.Mvc.Infrastructure.ResourceInvoker.<InvokeAsync>g__Logged|17_1(ResourceInvoker invoker)
   at Microsoft.AspNetCore.Mvc.Infrastructure.ResourceInvoker.<InvokeAsync>g__Logged|17_1(ResourceInvoker invoker)
   at Microsoft.AspNetCore.Routing.EndpointMiddleware.<Invoke>g__AwaitRequestTask|7_0(Endpoint endpoint, Task requestTask, ILogger logger)
   at Microsoft.AspNetCore.Authorization.AuthorizationMiddleware.Invoke(HttpContext context)
   at Swashbuckle.AspNetCore.SwaggerUI.SwaggerUIMiddleware.Invoke(HttpContext httpContext)
   at Swashbuckle.AspNetCore.Swagger.SwaggerMiddleware.Invoke(HttpContext httpContext, ISwaggerProvider swaggerProvider)
   at Microsoft.AspNetCore.Authentication.AuthenticationMiddleware.Invoke(HttpContext context)
   at Microsoft.AspNetCore.Diagnostics.DeveloperExceptionPageMiddlewareImpl.Invoke(HttpContext context)
2026-01-02 12:25:39.203 +05:30 [INF] Request finished HTTP/2 DELETE https://localhost:7202/api/User/4 - 500 null text/plain; charset=utf-8 181.0432ms
2026-01-02 12:26:02.125 +05:30 [INF] Request starting HTTP/2 GET https://localhost:7202/api/User - null null
2026-01-02 12:26:02.131 +05:30 [INF] Executing endpoint 'FunDooAPP.Controllers.UserController.GetAllUsers (FunDooAPP)'
2026-01-02 12:26:02.134 +05:30 [INF] Route matched with {action = "GetAllUsers", controller = "User"}. Executing controller action with signature Microsoft.AspNetCore.Mvc.IActionResult GetAllUsers() on controller FunDooAPP.Controllers.UserController (FunDooAPP).
2026-01-02 12:26:02.149 +05:30 [INF] Executed DbCommand (5ms) [Parameters=[], CommandType='"Text"', CommandTimeout='30']
SELECT [u].[UserId], [u].[CreatedAt], [u].[Email], [u].[FirstName], [u].[LastName], [u].[Password], [u].[ResetToken], [u].[ResetTokenExpiry], [u].[UpdatedAt]
FROM [users] AS [u]
2026-01-02 12:26:02.153 +05:30 [INF] Executing OkObjectResult, writing value of type 'System.Collections.Generic.List`1[[ModelLayer.Entity.User, ModelLayer, Version=1.0.0.0, Culture=neutral, PublicKeyToken=null]]'.
2026-01-02 12:26:02.158 +05:30 [INF] Executed action FunDooAPP.Controllers.UserController.GetAllUsers (FunDooAPP) in 20.593ms
2026-01-02 12:26:02.159 +05:30 [INF] Executed endpoint 'FunDooAPP.Controllers.UserController.GetAllUsers (FunDooAPP)'
2026-01-02 12:26:02.160 +05:30 [INF] Request finished HTTP/2 GET https://localhost:7202/api/User - 200 null application/json; charset=utf-8 35.7754ms
2026-01-02 12:26:15.489 +05:30 [INF] Request starting HTTP/2 DELETE https://localhost:7202/api/User/2 - null null
2026-01-02 12:26:15.494 +05:30 [INF] Executing endpoint 'FunDooAPP.Controllers.UserController.DeleteEmployeeById (FunDooAPP)'
2026-01-02 12:26:15.495 +05:30 [INF] Route matched with {action = "DeleteEmployeeById", controller = "User"}. Executing controller action with signature Microsoft.AspNetCore.Mvc.IActionResult DeleteEmployeeById(Int32) on controller FunDooAPP.Controllers.UserController (FunDooAPP).
2026-01-02 12:26:15.506 +05:30 [INF] Executed DbCommand (4ms) [Parameters=[@__p_0='?' (DbType = Int32)], CommandType='"Text"', CommandTimeout='30']
SELECT TOP(1) [u].[UserId], [u].[CreatedAt], [u].[Email], [u].[FirstName], [u].[LastName], [u].[Password], [u].[ResetToken], [u].[ResetTokenExpiry], [u].[UpdatedAt]
FROM [users] AS [u]
WHERE [u].[UserId] = @__p_0
2026-01-02 12:26:15.522 +05:30 [INF] Executed DbCommand (12ms) [Parameters=[@p0='?' (DbType = Int32)], CommandType='"Text"', CommandTimeout='30']
SET IMPLICIT_TRANSACTIONS OFF;
SET NOCOUNT ON;
DELETE FROM [users]
OUTPUT 1
WHERE [UserId] = @p0;
2026-01-02 12:26:15.526 +05:30 [INF] Executing OkObjectResult, writing value of type 'ModelLayer.Entity.User'.
2026-01-02 12:26:15.528 +05:30 [INF] Executed action FunDooAPP.Controllers.UserController.DeleteEmployeeById (FunDooAPP) in 29.6379ms
2026-01-02 12:26:15.529 +05:30 [INF] Executed endpoint 'FunDooAPP.Controllers.UserController.DeleteEmployeeById (FunDooAPP)'
2026-01-02 12:26:15.530 +05:30 [INF] Request finished HTTP/2 DELETE https://localhost:7202/api/User/2 - 200 null application/json; charset=utf-8 40.465ms
2026-01-02 12:27:24.976 +05:30 [INF] Request starting HTTP/2 POST https://localhost:7202/api/User/register - application/json 128
2026-01-02 12:27:24.993 +05:30 [INF] Executing endpoint 'FunDooAPP.Controllers.UserController.Register (FunDooAPP)'
2026-01-02 12:27:24.995 +05:30 [INF] Route matched with {action = "Register", controller = "User"}. Executing controller action with signature Microsoft.AspNetCore.Mvc.IActionResult Register(ModelLayer.DTOs.RegisterUserDto) on controller FunDooAPP.Controllers.UserController (FunDooAPP).
2026-01-02 12:27:25.001 +05:30 [INF] Register request received for Email: sinchanasiddegowdasinchana@gmail.com
2026-01-02 12:27:25.001 +05:30 [INF] Registering user with Email: sinchanasiddegowdasinchana@gmail.com
2026-01-02 12:27:25.010 +05:30 [INF] Executed DbCommand (5ms) [Parameters=[@__email_0='?' (Size = 255)], CommandType='"Text"', CommandTimeout='30']
SELECT TOP(1) [u].[UserId], [u].[CreatedAt], [u].[Email], [u].[FirstName], [u].[LastName], [u].[Password], [u].[ResetToken], [u].[ResetTokenExpiry], [u].[UpdatedAt]
FROM [users] AS [u]
WHERE [u].[Email] = @__email_0
2026-01-02 12:27:25.352 +05:30 [INF] Adding user to database: sinchanasiddegowdasinchana@gmail.com
2026-01-02 12:27:25.361 +05:30 [INF] Executed DbCommand (4ms) [Parameters=[@p0='?' (DbType = DateTime2), @p1='?' (Size = 255), @p2='?' (Size = 100), @p3='?' (Size = 100), @p4='?' (Size = 4000), @p5='?' (Size = 4000), @p6='?' (DbType = DateTime2), @p7='?' (DbType = DateTime2)], CommandType='"Text"', CommandTimeout='30']
SET IMPLICIT_TRANSACTIONS OFF;
SET NOCOUNT ON;
INSERT INTO [users] ([CreatedAt], [Email], [FirstName], [LastName], [Password], [ResetToken], [ResetTokenExpiry], [UpdatedAt])
OUTPUT INSERTED.[UserId]
VALUES (@p0, @p1, @p2, @p3, @p4, @p5, @p6, @p7);
2026-01-02 12:27:25.373 +05:30 [INF] User saved successfully with UserId: 6
2026-01-02 12:27:25.373 +05:30 [INF] User saved to DB. Sending welcome email to sinchanasiddegowdasinchana@gmail.com
2026-01-02 12:27:28.177 +05:30 [INF] Welcome email sent to sinchanasiddegowdasinchana@gmail.com
2026-01-02 12:27:28.179 +05:30 [INF] User registered successfully with UserId: 6
2026-01-02 12:27:28.181 +05:30 [INF] Executing OkObjectResult, writing value of type 'ModelLayer.DTOs.RegisterResponseDto'.
2026-01-02 12:27:28.182 +05:30 [INF] Executed action FunDooAPP.Controllers.UserController.Register (FunDooAPP) in 3183.1694ms
2026-01-02 12:27:28.187 +05:30 [INF] Executed endpoint 'FunDooAPP.Controllers.UserController.Register (FunDooAPP)'
2026-01-02 12:27:28.194 +05:30 [INF] Request finished HTTP/2 POST https://localhost:7202/api/User/register - 200 null application/json; charset=utf-8 3218.1076ms
2026-01-02 12:28:37.683 +05:30 [INF] Request starting HTTP/2 POST https://localhost:7202/api/User/login - application/json 80
2026-01-02 12:28:37.704 +05:30 [INF] Executing endpoint 'FunDooAPP.Controllers.UserController.Login (FunDooAPP)'
2026-01-02 12:28:37.712 +05:30 [INF] Route matched with {action = "Login", controller = "User"}. Executing controller action with signature Microsoft.AspNetCore.Mvc.IActionResult Login(ModelLayer.DTOs.LoginUserDto) on controller FunDooAPP.Controllers.UserController (FunDooAPP).
2026-01-02 12:28:37.719 +05:30 [INF] Login attempt for Email: sinchanasiddegowdasinchana@gmail.com
2026-01-02 12:28:37.729 +05:30 [INF] Executed DbCommand (6ms) [Parameters=[@__email_0='?' (Size = 255)], CommandType='"Text"', CommandTimeout='30']
SELECT TOP(1) [u].[UserId], [u].[CreatedAt], [u].[Email], [u].[FirstName], [u].[LastName], [u].[Password], [u].[ResetToken], [u].[ResetTokenExpiry], [u].[UpdatedAt]
FROM [users] AS [u]
WHERE [u].[Email] = @__email_0
2026-01-02 12:28:37.969 +05:30 [INF] Login successful for UserId: 6
2026-01-02 12:28:37.971 +05:30 [INF] Executing OkObjectResult, writing value of type 'ModelLayer.DTOs.LoginResponseDto'.
2026-01-02 12:28:37.975 +05:30 [INF] Executed action FunDooAPP.Controllers.UserController.Login (FunDooAPP) in 259.9983ms
2026-01-02 12:28:37.977 +05:30 [INF] Executed endpoint 'FunDooAPP.Controllers.UserController.Login (FunDooAPP)'
2026-01-02 12:28:37.978 +05:30 [INF] Request finished HTTP/2 POST https://localhost:7202/api/User/login - 200 null application/json; charset=utf-8 294.698ms
